#BIND_OUTPUT version: 3.0



#---------------------- SYMMETRY ANALYSIS ----------------------

1 Elements are present. They are:
  1 Identity.
   Equivalent Atoms: 1 -> 1, 2 -> 2, 3 -> 3, 4 -> 4, 5 -> 5, 6 -> 6, 7 -> 7, 8 -> 8, 

Here are the  Non-Redundant Elements which are present:
Identity.
   Equivalent Atoms: 1 -> 1, 2 -> 2, 3 -> 3, 4 -> 4, 5 -> 5, 6 -> 6, 7 -> 7, 8 -> 8, 

;-----------------------------------------------------------------
Allocating approximately    25.69 Kbytes (    0.03 Meg).
Each matrix is:     0.00 meg.

; Number of orbitals
#Num_Orbitals: 20
Error value from Diagonalization (0 is good): 0

#	******* Energies (in eV)  and Occupation Numbers *******
1:--->  -35.6867  [2.000 Electrons]
2:--->  -27.7823  [2.000 Electrons]
3:--->  -23.8579  [2.000 Electrons]
4:--->  -19.3073  [2.000 Electrons]
5:--->  -16.0604  [2.000 Electrons]
6:--->  -16.0418  [2.000 Electrons]
7:--->  -15.7961  [2.000 Electrons]
8:--->  -15.5681  [2.000 Electrons]
9:--->  -15.0875  [2.000 Electrons]
10:--->  -14.3304  [2.000 Electrons]
11:--->  -12.8697  [2.000 Electrons]
12:--->   -11.745  [1.000 Electrons]
13:--->  -8.38508  [0.000 Electrons]
14:--->   4.25495  [0.000 Electrons]
15:--->   5.28051  [0.000 Electrons]
16:--->    5.9395  [0.000 Electrons]
17:--->   13.8112  [0.000 Electrons]
18:--->   17.3414  [0.000 Electrons]
19:--->   37.3896  [0.000 Electrons]
20:--->   45.8585  [0.000 Electrons]
Total_Energy: -436.521

# Characters of wavefunctions with respect to symmetry operations present.
;              1 
   1:--->  1.000 
   2:--->  1.000 
   3:--->  1.000 
   4:--->  1.000 
   5:--->  1.000 
   6:--->  1.000 
   7:--->  1.000 
   8:--->  1.000 
   9:--->  1.000 
  10:--->  1.000 
  11:--->  1.000 
  12:--->  1.000 
  13:--->  1.000 
  14:--->  1.000 
  15:--->  1.000 
  16:--->  1.000 
  17:--->  1.000 
  18:--->  1.000 
  19:--->  1.000 
  20:--->  1.000 

;   Reduced Mulliken Overlap Population Matrix for 23.000 electrons:

              1        2        3        4        5        6        7      
  1        2.5335    
  2        0.8013      2.3477    
  3        -0.0653     1.1858      3.7549    
  4        0.0010      -0.0926     0.7753      6.5029    
  5        0.7756      -0.0451     -0.0004     0.0000      0.6414    
  6        0.7756      -0.0451     -0.0004     0.0000      -0.0386     0.6414    
  7        0.7902      -0.0453     -0.0086     0.0001      -0.0423     -0.0423     0.6473    
  8        -0.0543     0.7601      -0.0498     -0.0048     -0.0037     -0.0037     0.0017    

              8      
  8        0.6063    

;    Net Atomic Charges for 23.000 electrons:
1 C: -0.045542
2 C: 0.392703
3 N: 0.326753
4 O: -0.842452
5 H: 0.035797
6 H: 0.035796
7 H: 0.026046
8 H: 0.070900
;      Total Charge is: 0.000000


; 		q-q-q-q-q-q-q-q  Charge Matrix q-q-q-q-q-q-q-q

;   Reduced Charge Matrix Independant of Occupation
      1        2        3        4        5        6        7      
   1  0.0014  0.2215  0.3619  0.0941  0.0841  0.1867  0.0665
   2  0.0390  0.3672  0.1060  0.3002  0.0913  0.1232  0.0724
   3  0.3148  0.2101  0.2057  0.1571  0.3163  0.1175  0.2636
   4  0.6447  0.1265  0.1038  0.1578  0.4336  0.3566  0.5745
   5  -0.0000  0.0156  0.0764  0.0154  0.0374  0.0398  0.0064
   6  -0.0000  0.0156  0.0764  0.0154  0.0374  0.0398  0.0064
   7  -0.0000  0.0171  0.0678  0.0407  0.0000  0.0883  0.0069
   8  0.0002  0.0262  0.0018  0.2192  0.0000  0.0482  0.0033
      8        9        10       11       12       13       14     
   1  0.3783  0.2943  0.3151  0.0126  0.0125  -0.0002  0.4183
   2  0.0154  0.0675  0.3058  0.3000  0.0312  0.5758  0.1006
   3  0.0447  0.0771  0.0281  0.3015  0.6000  0.3363  0.0071
   4  0.1667  0.1449  0.2172  0.3474  0.2950  0.0523  0.0053
   5  0.1974  0.0562  0.0183  0.0193  0.0001  0.0179  0.0389
   6  0.1974  0.0562  0.0183  0.0193  0.0001  0.0179  0.0389
   7  0.0000  0.2427  0.0232  0.0000  0.0004  0.0000  0.3120
   8  0.0000  0.0612  0.0740  0.0000  0.0607  0.0000  0.0790
      15       16       17       18       19       20     
   1  0.5251  0.3996  0.0898  0.1057  0.1895  0.2431
   2  0.0175  0.2970  0.3908  0.0580  0.3350  0.4060
   3  0.0011  0.0774  0.1430  0.4356  0.1761  0.1867
   4  0.0000  0.0376  0.0410  0.2682  0.0245  0.0024
   5  0.2281  0.0772  0.0001  0.0234  0.0943  0.0380
   6  0.2281  0.0772  0.0001  0.0234  0.0943  0.0380
   7  0.0000  0.0010  0.0375  0.0380  0.0723  0.0520
   8  0.0000  0.0329  0.2977  0.0476  0.0140  0.0339


 Sorting 20 crystal orbitals.


# ******** Extended Hueckel Parameters ********
;  FORMAT  quantum number orbital: Hii, <c1>, exponent1, <c2>, <exponent2>

ATOM: C   Atomic number: 6  # Valence Electrons: 4
	2S:   -21.4000     1.6250
	2P:   -11.4000     1.6250
ATOM: N   Atomic number: 7  # Valence Electrons: 5
	2S:   -26.0000     1.9500
	2P:   -13.4000     1.9500
ATOM: O   Atomic number: 8  # Valence Electrons: 6
	2S:   -32.3000     2.2750
	2P:   -14.8000     2.2750
ATOM: H   Atomic number: 1  # Valence Electrons: 1
	1S:   -13.6000     1.3000

### TOTAL DENSITY OF STATES 
40 states are present.
#BEGIN CURVE
1.000000 -35.686707
1.000000 -27.782337
1.000000 -23.857857
1.000000 -19.307261
1.000000 -16.060444
1.000000 -16.041773
1.000000 -15.796079
1.000000 -15.568064
1.000000 -15.087467
1.000000 -14.330428
1.000000 -12.869651
1.000000 -11.745028
1.000000 -8.385082
1.000000 4.254953
1.000000 5.280509
1.000000 5.939500
1.000000 13.811152
1.000000 17.341419
1.000000 37.389561
1.000000 45.858452
#END CURVE
# END OF DOS


;  The Fermi Level was determined for 1 K points based on
;     an ordering of 20 crystal orbitals occupied by 23.000000 electrons
;      in the unit cell (23.000000 electrons total)
#Fermi_Energy:  -11.745028
#Average Energy:  -436.521161 eV

# Atomic Orbital Occupations
;        s      px      py      pz    dx2-y2    dz2     dxy     dxz     dyz
1 C  1.1905  0.9529  0.9505  0.9517  0.0000  0.0000  0.0000  0.0000  0.0000 
2 C  1.1264  0.8562  0.8238  0.8008  0.0000  0.0000  0.0000  0.0000  0.0000 
3 N  1.3212  0.8178  1.3050  1.2292  0.0000  0.0000  0.0000  0.0000  0.0000 
4 O  1.7034  1.5327  1.8359  1.7705  0.0000  0.0000  0.0000  0.0000  0.0000 
5 H  0.9642  0.0000  0.0000  0.0000  0.0000  0.0000  0.0000  0.0000  0.0000 
6 H  0.9642  0.0000  0.0000  0.0000  0.0000  0.0000  0.0000  0.0000  0.0000 
7 H  0.9740  0.0000  0.0000  0.0000  0.0000  0.0000  0.0000  0.0000  0.0000 
8 H  0.9291  0.0000  0.0000  0.0000  0.0000  0.0000  0.0000  0.0000  0.0000 

# AVERAGE NET CHARGES
1 C -0.045542
2 C 0.392703
3 N 0.326753
4 O -0.842452
5 H 0.035797
6 H 0.035796
7 H 0.026046
8 H 0.070900
There are a total of 23.000000 electrons.
Done!
